<?xml version="1.0" encoding="UTF-8"?>
<!-- Generated by org.testng.reporters.JUnitReportReporter -->
<testsuite hostname="DESKTOP-3FO53C9" failures="0" tests="1" name="com.ProCrm.testCases.LoginPageTest" time="57.593" errors="0" timestamp="2022-12-15T11:14:50 IST" skipped="0">
  <testcase classname="com.ProCrm.testCases.LoginPageTest" name="loginTestCase" time="57.593"/>
</testsuite> <!-- com.ProCrm.testCases.LoginPageTest -->
