<?xml version="1.0" encoding="UTF-8"?>
<!-- Generated by org.testng.reporters.JUnitReportReporter -->
<testsuite hostname="DESKTOP-3FO53C9" failures="0" tests="2" name="com.ProCrm.testCases.HomePageTest" time="18.821" errors="0" timestamp="2022-11-26T10:32:23 IST" skipped="1">
  <testcase classname="com.ProCrm.testCases.HomePageTest" name="toVerifyUserNameisDisplayTest" time="18.821"/>
  <testcase classname="com.ProCrm.testCases.HomePageTest" name="toVerifyContactPageDisplayTest">
    <skipped/>
  </testcase> <!-- toVerifyContactPageDisplayTest -->
</testsuite> <!-- com.ProCrm.testCases.HomePageTest -->
