<?xml version="1.0" encoding="UTF-8"?>
<!-- Generated by org.testng.reporters.JUnitReportReporter -->
<testsuite hostname="DESKTOP-3FO53C9" failures="0" tests="7" name="com.ProCrm.testCases.NewContactPageTest" time="208.731" errors="0" timestamp="2022-11-26T20:16:11 IST" skipped="0">
  <testcase classname="com.ProCrm.testCases.NewContactPageTest" name="toValidateCreateContactForUserTest" time="24.353"/>
  <testcase classname="com.ProCrm.testCases.NewContactPageTest" name="toValidateCreateContactForUserTest" time="25.280"/>
  <testcase classname="com.ProCrm.testCases.NewContactPageTest" name="toValidateCreateContactForUserTest" time="23.982"/>
  <testcase classname="com.ProCrm.testCases.NewContactPageTest" name="toValidateCreateContactForUserTest" time="21.758"/>
  <testcase classname="com.ProCrm.testCases.NewContactPageTest" name="toValidateCreateContactForUserTest" time="29.364"/>
  <testcase classname="com.ProCrm.testCases.NewContactPageTest" name="toValidateCreateContactForUserTest" time="43.215"/>
  <testcase classname="com.ProCrm.testCases.NewContactPageTest" name="toValidateCreateContactForUserTest" time="40.779"/>
</testsuite> <!-- com.ProCrm.testCases.NewContactPageTest -->
